build/app/intermediates/manifest_merge_blame_file/release/processReleaseMainManifest/manifest-merger-blame-release-report.txt
1<?xml version="1.0" encoding="utf-8"?>
2<manifest xmlns:android="http://schemas.android.com/apk/res/android"
3    package="com.example.hls_player"
4    android:versionCode="1"
5    android:versionName="1.0.0" >
6
7    <uses-sdk
8        android:minSdkVersion="21"
9        android:targetSdkVersion="35" />
10
11    <uses-permission android:name="android.permission.INTERNET" />
11-->src\main\AndroidManifest.xml:2:5-67
11-->src\main\AndroidManifest.xml:2:22-64
12    <uses-permission android:name="android.permission.ACCESS_NETWORK_STATE" />
12-->src\main\AndroidManifest.xml:3:5-79
12-->src\main\AndroidManifest.xml:3:22-76
13    <uses-permission android:name="android.permission.WRITE_EXTERNAL_STORAGE" />
13-->src\main\AndroidManifest.xml:4:5-81
13-->src\main\AndroidManifest.xml:4:22-78
14    <uses-permission android:name="android.permission.READ_EXTERNAL_STORAGE" />
14-->src\main\AndroidManifest.xml:5:5-80
14-->src\main\AndroidManifest.xml:5:22-77
15    <uses-permission android:name="android.permission.WAKE_LOCK" />
15-->src\main\AndroidManifest.xml:6:5-68
15-->src\main\AndroidManifest.xml:6:22-65
16    <uses-permission android:name="android.permission.FOREGROUND_SERVICE" />
16-->src\main\AndroidManifest.xml:7:5-77
16-->src\main\AndroidManifest.xml:7:22-74
17
18    <queries>
18-->src\main\AndroidManifest.xml:40:5-45:15
19        <intent>
19-->src\main\AndroidManifest.xml:41:9-44:18
20            <action android:name="android.intent.action.PROCESS_TEXT" />
20-->src\main\AndroidManifest.xml:42:13-72
20-->src\main\AndroidManifest.xml:42:21-70
21
22            <data android:mimeType="text/plain" />
22-->src\main\AndroidManifest.xml:43:13-50
22-->src\main\AndroidManifest.xml:43:19-48
23        </intent>
24        <intent>
24-->[:flutter_inappwebview_android] AndroidManifest.xml:8:9-10:18
25            <action android:name="android.support.customtabs.action.CustomTabsService" />
25-->[:flutter_inappwebview_android] AndroidManifest.xml:9:13-90
25-->[:flutter_inappwebview_android] AndroidManifest.xml:9:21-87
26        </intent>
27    </queries>
28
29    <permission
29-->[androidx.core:core:1.13.1] AndroidManifest.xml:22:5-24:47
30        android:name="com.example.hls_player.DYNAMIC_RECEIVER_NOT_EXPORTED_PERMISSION"
30-->[androidx.core:core:1.13.1] AndroidManifest.xml:23:9-81
31        android:protectionLevel="signature" />
31-->[androidx.core:core:1.13.1] AndroidManifest.xml:24:9-44
32
33    <uses-permission android:name="com.example.hls_player.DYNAMIC_RECEIVER_NOT_EXPORTED_PERMISSION" />
33-->[androidx.core:core:1.13.1] AndroidManifest.xml:26:5-97
33-->[androidx.core:core:1.13.1] AndroidManifest.xml:26:22-94
34
35    <application
36        android:name="android.app.Application"
36-->src\main\AndroidManifest.xml:11:9-42
37        android:appComponentFactory="androidx.core.app.CoreComponentFactory"
37-->[androidx.core:core:1.13.1] AndroidManifest.xml:28:18-86
38        android:extractNativeLibs="true"
39        android:icon="@mipmap/ic_launcher"
39-->src\main\AndroidManifest.xml:12:9-43
40        android:label="hls_player"
40-->src\main\AndroidManifest.xml:10:9-35
41        android:usesCleartextTraffic="true" >
41-->src\main\AndroidManifest.xml:13:9-44
42        <activity
42-->src\main\AndroidManifest.xml:15:9-33:20
43            android:name="com.example.hls_player.MainActivity"
43-->src\main\AndroidManifest.xml:16:13-41
44            android:configChanges="orientation|keyboardHidden|keyboard|screenSize|smallestScreenSize|locale|layoutDirection|fontScale|screenLayout|density|uiMode"
44-->src\main\AndroidManifest.xml:21:13-163
45            android:exported="true"
45-->src\main\AndroidManifest.xml:17:13-36
46            android:hardwareAccelerated="true"
46-->src\main\AndroidManifest.xml:22:13-47
47            android:launchMode="singleTop"
47-->src\main\AndroidManifest.xml:18:13-43
48            android:taskAffinity=""
48-->src\main\AndroidManifest.xml:19:13-36
49            android:theme="@style/LaunchTheme"
49-->src\main\AndroidManifest.xml:20:13-47
50            android:windowSoftInputMode="adjustResize" >
50-->src\main\AndroidManifest.xml:23:13-55
51            <meta-data
51-->src\main\AndroidManifest.xml:25:13-27:55
52                android:name="io.flutter.embedding.android.NormalTheme"
52-->src\main\AndroidManifest.xml:26:15-70
53                android:resource="@style/NormalTheme" />
53-->src\main\AndroidManifest.xml:27:15-52
54
55            <intent-filter>
55-->src\main\AndroidManifest.xml:29:13-32:29
56                <action android:name="android.intent.action.MAIN" />
56-->src\main\AndroidManifest.xml:30:17-68
56-->src\main\AndroidManifest.xml:30:25-66
57
58                <category android:name="android.intent.category.LAUNCHER" />
58-->src\main\AndroidManifest.xml:31:17-76
58-->src\main\AndroidManifest.xml:31:27-74
59            </intent-filter>
60        </activity>
61
62        <meta-data
62-->src\main\AndroidManifest.xml:35:9-37:33
63            android:name="flutterEmbedding"
63-->src\main\AndroidManifest.xml:36:13-44
64            android:value="2" />
64-->src\main\AndroidManifest.xml:37:13-30
65
66        <activity
66-->[:flutter_inappwebview_android] AndroidManifest.xml:14:9-18:47
67            android:name="com.pichillilorenzo.flutter_inappwebview_android.in_app_browser.InAppBrowserActivity"
67-->[:flutter_inappwebview_android] AndroidManifest.xml:15:13-112
68            android:configChanges="orientation|keyboardHidden|keyboard|screenSize|locale|layoutDirection|fontScale|screenLayout|density"
68-->[:flutter_inappwebview_android] AndroidManifest.xml:16:13-137
69            android:exported="false"
69-->[:flutter_inappwebview_android] AndroidManifest.xml:17:13-37
70            android:theme="@style/AppTheme" />
70-->[:flutter_inappwebview_android] AndroidManifest.xml:18:13-44
71        <activity
71-->[:flutter_inappwebview_android] AndroidManifest.xml:19:9-22:55
72            android:name="com.pichillilorenzo.flutter_inappwebview_android.chrome_custom_tabs.ChromeCustomTabsActivity"
72-->[:flutter_inappwebview_android] AndroidManifest.xml:20:13-120
73            android:exported="false"
73-->[:flutter_inappwebview_android] AndroidManifest.xml:21:13-37
74            android:theme="@style/ThemeTransparent" />
74-->[:flutter_inappwebview_android] AndroidManifest.xml:22:13-52
75        <activity
75-->[:flutter_inappwebview_android] AndroidManifest.xml:23:9-26:55
76            android:name="com.pichillilorenzo.flutter_inappwebview_android.chrome_custom_tabs.TrustedWebActivity"
76-->[:flutter_inappwebview_android] AndroidManifest.xml:24:13-114
77            android:exported="false"
77-->[:flutter_inappwebview_android] AndroidManifest.xml:25:13-37
78            android:theme="@style/ThemeTransparent" />
78-->[:flutter_inappwebview_android] AndroidManifest.xml:26:13-52
79        <activity
79-->[:flutter_inappwebview_android] AndroidManifest.xml:27:9-31:55
80            android:name="com.pichillilorenzo.flutter_inappwebview_android.chrome_custom_tabs.ChromeCustomTabsActivitySingleInstance"
80-->[:flutter_inappwebview_android] AndroidManifest.xml:28:13-134
81            android:exported="false"
81-->[:flutter_inappwebview_android] AndroidManifest.xml:29:13-37
82            android:launchMode="singleInstance"
82-->[:flutter_inappwebview_android] AndroidManifest.xml:30:13-48
83            android:theme="@style/ThemeTransparent" />
83-->[:flutter_inappwebview_android] AndroidManifest.xml:31:13-52
84        <activity
84-->[:flutter_inappwebview_android] AndroidManifest.xml:32:9-36:55
85            android:name="com.pichillilorenzo.flutter_inappwebview_android.chrome_custom_tabs.TrustedWebActivitySingleInstance"
85-->[:flutter_inappwebview_android] AndroidManifest.xml:33:13-128
86            android:exported="false"
86-->[:flutter_inappwebview_android] AndroidManifest.xml:34:13-37
87            android:launchMode="singleInstance"
87-->[:flutter_inappwebview_android] AndroidManifest.xml:35:13-48
88            android:theme="@style/ThemeTransparent" />
88-->[:flutter_inappwebview_android] AndroidManifest.xml:36:13-52
89
90        <receiver
90-->[:flutter_inappwebview_android] AndroidManifest.xml:38:9-41:40
91            android:name="com.pichillilorenzo.flutter_inappwebview_android.chrome_custom_tabs.ActionBroadcastReceiver"
91-->[:flutter_inappwebview_android] AndroidManifest.xml:39:13-119
92            android:enabled="true"
92-->[:flutter_inappwebview_android] AndroidManifest.xml:40:13-35
93            android:exported="false" />
93-->[:flutter_inappwebview_android] AndroidManifest.xml:41:13-37
94
95        <meta-data
95-->[:flutter_inappwebview_android] AndroidManifest.xml:43:9-45:36
96            android:name="io.flutter.embedded_views_preview"
96-->[:flutter_inappwebview_android] AndroidManifest.xml:44:13-61
97            android:value="true" />
97-->[:flutter_inappwebview_android] AndroidManifest.xml:45:13-33
98
99        <provider
99-->[androidx.emoji2:emoji2:1.2.0] AndroidManifest.xml:24:9-32:20
100            android:name="androidx.startup.InitializationProvider"
100-->[androidx.emoji2:emoji2:1.2.0] AndroidManifest.xml:25:13-67
101            android:authorities="com.example.hls_player.androidx-startup"
101-->[androidx.emoji2:emoji2:1.2.0] AndroidManifest.xml:26:13-68
102            android:exported="false" >
102-->[androidx.emoji2:emoji2:1.2.0] AndroidManifest.xml:27:13-37
103            <meta-data
103-->[androidx.emoji2:emoji2:1.2.0] AndroidManifest.xml:29:13-31:52
104                android:name="androidx.emoji2.text.EmojiCompatInitializer"
104-->[androidx.emoji2:emoji2:1.2.0] AndroidManifest.xml:30:17-75
105                android:value="androidx.startup" />
105-->[androidx.emoji2:emoji2:1.2.0] AndroidManifest.xml:31:17-49
106            <meta-data
106-->[androidx.lifecycle:lifecycle-process:2.7.0] AndroidManifest.xml:29:13-31:52
107                android:name="androidx.lifecycle.ProcessLifecycleInitializer"
107-->[androidx.lifecycle:lifecycle-process:2.7.0] AndroidManifest.xml:30:17-78
108                android:value="androidx.startup" />
108-->[androidx.lifecycle:lifecycle-process:2.7.0] AndroidManifest.xml:31:17-49
109            <meta-data
109-->[androidx.profileinstaller:profileinstaller:1.3.1] AndroidManifest.xml:29:13-31:52
110                android:name="androidx.profileinstaller.ProfileInstallerInitializer"
110-->[androidx.profileinstaller:profileinstaller:1.3.1] AndroidManifest.xml:30:17-85
111                android:value="androidx.startup" />
111-->[androidx.profileinstaller:profileinstaller:1.3.1] AndroidManifest.xml:31:17-49
112        </provider>
113
114        <uses-library
114-->[androidx.window:window:1.2.0] AndroidManifest.xml:23:9-25:40
115            android:name="androidx.window.extensions"
115-->[androidx.window:window:1.2.0] AndroidManifest.xml:24:13-54
116            android:required="false" />
116-->[androidx.window:window:1.2.0] AndroidManifest.xml:25:13-37
117        <uses-library
117-->[androidx.window:window:1.2.0] AndroidManifest.xml:26:9-28:40
118            android:name="androidx.window.sidecar"
118-->[androidx.window:window:1.2.0] AndroidManifest.xml:27:13-51
119            android:required="false" />
119-->[androidx.window:window:1.2.0] AndroidManifest.xml:28:13-37
120
121        <receiver
121-->[androidx.profileinstaller:profileinstaller:1.3.1] AndroidManifest.xml:34:9-52:20
122            android:name="androidx.profileinstaller.ProfileInstallReceiver"
122-->[androidx.profileinstaller:profileinstaller:1.3.1] AndroidManifest.xml:35:13-76
123            android:directBootAware="false"
123-->[androidx.profileinstaller:profileinstaller:1.3.1] AndroidManifest.xml:36:13-44
124            android:enabled="true"
124-->[androidx.profileinstaller:profileinstaller:1.3.1] AndroidManifest.xml:37:13-35
125            android:exported="true"
125-->[androidx.profileinstaller:profileinstaller:1.3.1] AndroidManifest.xml:38:13-36
126            android:permission="android.permission.DUMP" >
126-->[androidx.profileinstaller:profileinstaller:1.3.1] AndroidManifest.xml:39:13-57
127            <intent-filter>
127-->[androidx.profileinstaller:profileinstaller:1.3.1] AndroidManifest.xml:40:13-42:29
128                <action android:name="androidx.profileinstaller.action.INSTALL_PROFILE" />
128-->[androidx.profileinstaller:profileinstaller:1.3.1] AndroidManifest.xml:41:17-91
128-->[androidx.profileinstaller:profileinstaller:1.3.1] AndroidManifest.xml:41:25-88
129            </intent-filter>
130            <intent-filter>
130-->[androidx.profileinstaller:profileinstaller:1.3.1] AndroidManifest.xml:43:13-45:29
131                <action android:name="androidx.profileinstaller.action.SKIP_FILE" />
131-->[androidx.profileinstaller:profileinstaller:1.3.1] AndroidManifest.xml:44:17-85
131-->[androidx.profileinstaller:profileinstaller:1.3.1] AndroidManifest.xml:44:25-82
132            </intent-filter>
133            <intent-filter>
133-->[androidx.profileinstaller:profileinstaller:1.3.1] AndroidManifest.xml:46:13-48:29
134                <action android:name="androidx.profileinstaller.action.SAVE_PROFILE" />
134-->[androidx.profileinstaller:profileinstaller:1.3.1] AndroidManifest.xml:47:17-88
134-->[androidx.profileinstaller:profileinstaller:1.3.1] AndroidManifest.xml:47:25-85
135            </intent-filter>
136            <intent-filter>
136-->[androidx.profileinstaller:profileinstaller:1.3.1] AndroidManifest.xml:49:13-51:29
137                <action android:name="androidx.profileinstaller.action.BENCHMARK_OPERATION" />
137-->[androidx.profileinstaller:profileinstaller:1.3.1] AndroidManifest.xml:50:17-95
137-->[androidx.profileinstaller:profileinstaller:1.3.1] AndroidManifest.xml:50:25-92
138            </intent-filter>
139        </receiver>
140    </application>
141
142</manifest>